<?xml version="1.0" encoding="UTF-8"?>
<!-- Generated by org.testng.reporters.JUnitReportReporter -->
<testsuite skipped="0" hostname="LAPTOP-KRC4FANK" name="testScript.Test1" tests="1" failures="0" timestamp="11 Aug 2018 13:23:10 GMT" time="9.213" errors="0">
  <testcase name="testGoogleLink" time="9.213" classname="testScript.Test1"/>
</testsuite> <!-- testScript.Test1 -->
